Build started 2020-10-27 오전 4:10:51.
     1>Project "c:\Users\DooDoo\documents\visual studio 2013\Projects\14_fileio\14_fileio\14_fileio.vcxproj" on node 2 (Build target(s)).
     1>ClCompile:
         C:\Program Files (x86)\Microsoft Visual Studio 12.0\VC\bin\CL.exe /c /ZI /nologo /W3 /WX- /Od /Oy- /D WIN32 /D _DEBUG /D _CONSOLE /D _LIB /D _UNICODE /D UNICODE /Gm /EHsc /RTC1 /MDd /GS /fp:precise /Zc:wchar_t /Zc:forScope /Fo"Debug\\" /Fd"Debug\vc120.pdb" /Gd /TC /analyze- /errorReport:prompt fileprac.c
         fileprac.c
     1>c:\users\doodoo\documents\visual studio 2013\projects\14_fileio\14_fileio\fileprac.c(9): warning C4098: 'stdinfile' : 'void' function returning a value
     1>c:\users\doodoo\documents\visual studio 2013\projects\14_fileio\14_fileio\fileprac.c(17): warning C4020: 'gets' : too many actual parameters
     1>c:\users\doodoo\documents\visual studio 2013\projects\14_fileio\14_fileio\fileprac.c(17): warning C4996: 'gets': This function or variable may be unsafe. Consider using gets_s instead. To disable deprecation, use _CRT_SECURE_NO_WARNINGS. See online help for details.
                 c:\program files (x86)\microsoft visual studio 12.0\vc\include\stdio.h(254) : see declaration of 'gets'
     1>c:\users\doodoo\documents\visual studio 2013\projects\14_fileio\14_fileio\fileprac.c(19): warning C4996: 'fopen': This function or variable may be unsafe. Consider using fopen_s instead. To disable deprecation, use _CRT_SECURE_NO_WARNINGS. See online help for details.
                 c:\program files (x86)\microsoft visual studio 12.0\vc\include\stdio.h(211) : see declaration of 'fopen'
     1>c:\users\doodoo\documents\visual studio 2013\projects\14_fileio\14_fileio\fileprac.c(23): warning C4013: 'system' undefined; assuming extern returning int
     1>c:\users\doodoo\documents\visual studio 2013\projects\14_fileio\14_fileio\fileprac.c(32): warning C4996: 'fopen': This function or variable may be unsafe. Consider using fopen_s instead. To disable deprecation, use _CRT_SECURE_NO_WARNINGS. See online help for details.
                 c:\program files (x86)\microsoft visual studio 12.0\vc\include\stdio.h(211) : see declaration of 'fopen'
     1>c:\users\doodoo\documents\visual studio 2013\projects\14_fileio\14_fileio\fileprac.c(33): warning C4996: 'fopen': This function or variable may be unsafe. Consider using fopen_s instead. To disable deprecation, use _CRT_SECURE_NO_WARNINGS. See online help for details.
                 c:\program files (x86)\microsoft visual studio 12.0\vc\include\stdio.h(211) : see declaration of 'fopen'
     1>c:\users\doodoo\documents\visual studio 2013\projects\14_fileio\14_fileio\fileprac.c(74): warning C4018: '<' : signed/unsigned mismatch
       Link:
         C:\Program Files (x86)\Microsoft Visual Studio 12.0\VC\bin\link.exe /ERRORREPORT:PROMPT /OUT:"c:\users\doodoo\documents\visual studio 2013\Projects\14_fileio\Debug\14_fileio.exe" /INCREMENTAL /NOLOGO kernel32.lib user32.lib gdi32.lib winspool.lib comdlg32.lib advapi32.lib shell32.lib ole32.lib oleaut32.lib uuid.lib odbc32.lib odbccp32.lib /MANIFEST /MANIFESTUAC:"level='asInvoker' uiAccess='false'" /manifest:embed /DEBUG /PDB:"c:\users\doodoo\documents\visual studio 2013\Projects\14_fileio\Debug\14_fileio.pdb" /SUBSYSTEM:CONSOLE /TLBID:1 /DYNAMICBASE /NXCOMPAT /IMPLIB:"c:\users\doodoo\documents\visual studio 2013\Projects\14_fileio\Debug\14_fileio.lib" /MACHINE:X86 Debug\fileio.obj
         Debug\fileprac.obj
         14_fileio.vcxproj -> c:\users\doodoo\documents\visual studio 2013\Projects\14_fileio\Debug\14_fileio.exe
     1>Done Building Project "c:\Users\DooDoo\documents\visual studio 2013\Projects\14_fileio\14_fileio\14_fileio.vcxproj" (Build target(s)).

Build succeeded.

Time Elapsed 00:00:01.00
