Build started 2020-11-02 오후 4:54:23.
     1>Project "c:\Users\DooDoo\documents\visual studio 2013\Projects\16_preprocessor\16_preprocessor\16_preprocessor.vcxproj" on node 2 (Build target(s)).
     1>ClCompile:
         C:\Program Files (x86)\Microsoft Visual Studio 12.0\VC\bin\CL.exe /c /Zi /nologo /W3 /WX- /O2 /Oi /Oy- /GL /D WIN32 /D NDEBUG /D _CONSOLE /D _LIB /D _UNICODE /D UNICODE /Gm- /EHsc /MD /GS /Gy /fp:precise /Zc:wchar_t /Zc:forScope /Fo"Release\\" /Fd"Release\vc120.pdb" /Gd /TC /analyze- /errorReport:prompt checkmode.c conditional1.c macro1.c macro2.c precondition.c preprocessor.c
         checkmode.c
         conditional1.c
         macro1.c
         macro2.c
         precondition.c
         preprocessor.c
     1>preprocessor.c(10): warning C4013: 'checkmode' undefined; assuming extern returning int
       Link:
         C:\Program Files (x86)\Microsoft Visual Studio 12.0\VC\bin\link.exe /ERRORREPORT:PROMPT /OUT:"c:\users\doodoo\documents\visual studio 2013\Projects\16_preprocessor\Release\16_preprocessor.exe" /INCREMENTAL:NO /NOLOGO kernel32.lib user32.lib gdi32.lib winspool.lib comdlg32.lib advapi32.lib shell32.lib ole32.lib oleaut32.lib uuid.lib odbc32.lib odbccp32.lib /MANIFEST /MANIFESTUAC:"level='asInvoker' uiAccess='false'" /manifest:embed /DEBUG /PDB:"c:\users\doodoo\documents\visual studio 2013\Projects\16_preprocessor\Release\16_preprocessor.pdb" /SUBSYSTEM:CONSOLE /OPT:REF /OPT:ICF /LTCG /TLBID:1 /DYNAMICBASE /NXCOMPAT /IMPLIB:"c:\users\doodoo\documents\visual studio 2013\Projects\16_preprocessor\Release\16_preprocessor.lib" /MACHINE:X86 /SAFESEH Release\checkmode.obj
         Release\conditional1.obj
         Release\macro1.obj
         Release\macro2.obj
         Release\precondition.obj
         Release\preprocessor.obj
         Generating code
         Finished generating code
         16_preprocessor.vcxproj -> c:\users\doodoo\documents\visual studio 2013\Projects\16_preprocessor\Release\16_preprocessor.exe
     1>Done Building Project "c:\Users\DooDoo\documents\visual studio 2013\Projects\16_preprocessor\16_preprocessor\16_preprocessor.vcxproj" (Build target(s)).

Build succeeded.

Time Elapsed 00:00:01.93
