Build started 2020-12-06 오전 11:38:55.
     1>Project "C:\Users\DooDoo\Documents\Visual Studio 2013\Projects\7_inhertiance_adv_practice\3_StringCtrlSample\3_StringCtrlSample.vcxproj" on node 2 (Build target(s)).
     1>C:\Program Files (x86)\MSBuild\Microsoft.Cpp\v4.0\V120\Microsoft.CppBuild.targets(388,5): warning MSB8028: The intermediate directory (Debug\) contains files shared from another project (3_StringCtrlSample.vcxproj).  This can lead to incorrect clean and rebuild behavior.
     1>ClCompile:
         C:\Program Files (x86)\Microsoft Visual Studio 12.0\VC\bin\CL.exe /c /ZI /nologo /W3 /WX- /sdl /Od /Oy- /D WIN32 /D _DEBUG /D _CONSOLE /D _LIB /D _UNICODE /D UNICODE /Gm /EHsc /RTC1 /MDd /GS /fp:precise /Zc:wchar_t /Zc:forScope /Yc"stdafx.h" /Fp"Debug\6_StringCtrlSample.pch" /Fo"Debug\\" /Fd"Debug\vc120.pdb" /Gd /TP /analyze- /errorReport:prompt stdafx.cpp
         stdafx.cpp
         C:\Program Files (x86)\Microsoft Visual Studio 12.0\VC\bin\CL.exe /c /ZI /nologo /W3 /WX- /sdl /Od /Oy- /D WIN32 /D _DEBUG /D _CONSOLE /D _LIB /D _UNICODE /D UNICODE /Gm /EHsc /RTC1 /MDd /GS /fp:precise /Zc:wchar_t /Zc:forScope /Yu"stdafx.h" /Fp"Debug\6_StringCtrlSample.pch" /Fo"Debug\\" /Fd"Debug\vc120.pdb" /Gd /TP /analyze- /errorReport:prompt 6_StringCtrlSample.cpp MyString.cpp MyStringEx.cpp
         MyStringEx.cpp
         MyString.cpp
         6_StringCtrlSample.cpp
         Generating Code...
       Link:
         C:\Program Files (x86)\Microsoft Visual Studio 12.0\VC\bin\link.exe /ERRORREPORT:PROMPT /OUT:"C:\Users\DooDoo\Documents\Visual Studio 2013\Projects\7_inhertiance_adv_practice\Debug\6_StringCtrlSample.exe" /INCREMENTAL /NOLOGO kernel32.lib user32.lib gdi32.lib winspool.lib comdlg32.lib advapi32.lib shell32.lib ole32.lib oleaut32.lib uuid.lib odbc32.lib odbccp32.lib /MANIFEST /MANIFESTUAC:"level='asInvoker' uiAccess='false'" /manifest:embed /DEBUG /PDB:"C:\Users\DooDoo\Documents\Visual Studio 2013\Projects\7_inhertiance_adv_practice\Debug\6_StringCtrlSample.pdb" /SUBSYSTEM:CONSOLE /TLBID:1 /DYNAMICBASE /NXCOMPAT /IMPLIB:"C:\Users\DooDoo\Documents\Visual Studio 2013\Projects\7_inhertiance_adv_practice\Debug\6_StringCtrlSample.lib" /MACHINE:X86 Debug\6_StringCtrlSample.obj
         Debug\MyString.obj
         Debug\MyStringEx.obj
         Debug\stdafx.obj
         3_StringCtrlSample.vcxproj -> C:\Users\DooDoo\Documents\Visual Studio 2013\Projects\7_inhertiance_adv_practice\Debug\6_StringCtrlSample.exe
     1>Done Building Project "C:\Users\DooDoo\Documents\Visual Studio 2013\Projects\7_inhertiance_adv_practice\3_StringCtrlSample\3_StringCtrlSample.vcxproj" (Build target(s)).

Build succeeded.

Time Elapsed 00:00:04.15
